C:\USERS\FALI\DEVELOPEMENT\TRY - COPY - COPY\TRY\DEBUG\MAIN.OBJ
C:\USERS\FALI\DEVELOPEMENT\TRY - COPY - COPY\TRY\DEBUG\MATH_3D.OBJ
C:\USERS\FALI\DEVELOPEMENT\TRY - COPY - COPY\TRY\DEBUG\MESHLOADER.OBJ
C:\USERS\FALI\DEVELOPEMENT\TRY - COPY - COPY\TRY\DEBUG\OGLDEV_UTIL.OBJ
C:\USERS\FALI\DEVELOPEMENT\TRY - COPY - COPY\TRY\DEBUG\OLDCAMERA.OBJ
C:\USERS\FALI\DEVELOPEMENT\TRY - COPY - COPY\TRY\DEBUG\SHADER.OBJ
C:\USERS\FALI\DEVELOPEMENT\TRY - COPY - COPY\TRY\DEBUG\TEXTUREMESH.OBJ
C:\USERS\FALI\DEVELOPEMENT\TRY - COPY - COPY\TRY\DEBUG\VC110.PDB
C:\Users\fali\developement\try - Copy - Copy\try\Debug\controls.obj
C:\Users\fali\developement\try - Copy - Copy\try\Debug\main.obj
C:\Users\fali\developement\try - Copy - Copy\try\Debug\math_3d.obj
C:\Users\fali\developement\try - Copy - Copy\try\Debug\MeshLoader.obj
C:\Users\fali\developement\try - Copy - Copy\try\Debug\objloader.obj
C:\Users\fali\developement\try - Copy - Copy\try\Debug\ogldev_util.obj
C:\Users\fali\developement\try - Copy - Copy\try\Debug\oldCamera.obj
C:\Users\fali\developement\try - Copy - Copy\try\Debug\shader.obj
C:\Users\fali\developement\try - Copy - Copy\try\Debug\tangentspace.obj
C:\Users\fali\developement\try - Copy - Copy\try\Debug\text2D.obj
C:\Users\fali\developement\try - Copy - Copy\try\Debug\texture.obj
C:\Users\fali\developement\try - Copy - Copy\try\Debug\TextureMesh.obj
C:\Users\fali\developement\try - Copy - Copy\try\Debug\cl.command.1.tlog
C:\Users\fali\developement\try - Copy - Copy\try\Debug\CL.read.1.tlog
C:\Users\fali\developement\try - Copy - Copy\try\Debug\CL.write.1.tlog
C:\Users\fali\developement\try - Copy - Copy\try\Debug\link-cvtres.read.1.tlog
C:\Users\fali\developement\try - Copy - Copy\try\Debug\link-cvtres.write.1.tlog
C:\Users\fali\developement\try - Copy - Copy\try\Debug\link-rc.read.1.tlog
C:\Users\fali\developement\try - Copy - Copy\try\Debug\link-rc.write.1.tlog
C:\Users\fali\developement\try - Copy - Copy\try\Debug\link.10184-cvtres.read.1.tlog
C:\Users\fali\developement\try - Copy - Copy\try\Debug\link.10184-cvtres.write.1.tlog
C:\Users\fali\developement\try - Copy - Copy\try\Debug\link.10184-rc.read.1.tlog
C:\Users\fali\developement\try - Copy - Copy\try\Debug\link.10184-rc.write.1.tlog
C:\Users\fali\developement\try - Copy - Copy\try\Debug\link.10184.read.1.tlog
C:\Users\fali\developement\try - Copy - Copy\try\Debug\link.10184.write.1.tlog
C:\Users\fali\developement\try - Copy - Copy\try\Debug\link.10528-cvtres.read.1.tlog
C:\Users\fali\developement\try - Copy - Copy\try\Debug\link.10528-cvtres.write.1.tlog
C:\Users\fali\developement\try - Copy - Copy\try\Debug\link.10528-rc.read.1.tlog
C:\Users\fali\developement\try - Copy - Copy\try\Debug\link.10528-rc.write.1.tlog
C:\Users\fali\developement\try - Copy - Copy\try\Debug\link.10528.read.1.tlog
C:\Users\fali\developement\try - Copy - Copy\try\Debug\link.10528.write.1.tlog
C:\Users\fali\developement\try - Copy - Copy\try\Debug\link.11356-cvtres.read.1.tlog
C:\Users\fali\developement\try - Copy - Copy\try\Debug\link.11356-cvtres.write.1.tlog
C:\Users\fali\developement\try - Copy - Copy\try\Debug\link.11356-rc.read.1.tlog
C:\Users\fali\developement\try - Copy - Copy\try\Debug\link.11356-rc.write.1.tlog
C:\Users\fali\developement\try - Copy - Copy\try\Debug\link.11356.read.1.tlog
C:\Users\fali\developement\try - Copy - Copy\try\Debug\link.11356.write.1.tlog
C:\Users\fali\developement\try - Copy - Copy\try\Debug\link.11516-cvtres.read.1.tlog
C:\Users\fali\developement\try - Copy - Copy\try\Debug\link.11516-cvtres.write.1.tlog
C:\Users\fali\developement\try - Copy - Copy\try\Debug\link.11516-rc.read.1.tlog
C:\Users\fali\developement\try - Copy - Copy\try\Debug\link.11516-rc.write.1.tlog
C:\Users\fali\developement\try - Copy - Copy\try\Debug\link.11516.read.1.tlog
C:\Users\fali\developement\try - Copy - Copy\try\Debug\link.11516.write.1.tlog
C:\Users\fali\developement\try - Copy - Copy\try\Debug\link.11596-cvtres.read.1.tlog
C:\Users\fali\developement\try - Copy - Copy\try\Debug\link.11596-cvtres.write.1.tlog
C:\Users\fali\developement\try - Copy - Copy\try\Debug\link.11596-rc.read.1.tlog
C:\Users\fali\developement\try - Copy - Copy\try\Debug\link.11596-rc.write.1.tlog
C:\Users\fali\developement\try - Copy - Copy\try\Debug\link.11596.read.1.tlog
C:\Users\fali\developement\try - Copy - Copy\try\Debug\link.11596.write.1.tlog
C:\Users\fali\developement\try - Copy - Copy\try\Debug\link.11836-cvtres.read.1.tlog
C:\Users\fali\developement\try - Copy - Copy\try\Debug\link.11836-cvtres.write.1.tlog
C:\Users\fali\developement\try - Copy - Copy\try\Debug\link.11836-rc.read.1.tlog
C:\Users\fali\developement\try - Copy - Copy\try\Debug\link.11836-rc.write.1.tlog
C:\Users\fali\developement\try - Copy - Copy\try\Debug\link.11836.read.1.tlog
C:\Users\fali\developement\try - Copy - Copy\try\Debug\link.11836.write.1.tlog
C:\Users\fali\developement\try - Copy - Copy\try\Debug\link.11844-cvtres.read.1.tlog
C:\Users\fali\developement\try - Copy - Copy\try\Debug\link.11844-cvtres.write.1.tlog
C:\Users\fali\developement\try - Copy - Copy\try\Debug\link.11844-rc.read.1.tlog
C:\Users\fali\developement\try - Copy - Copy\try\Debug\link.11844-rc.write.1.tlog
C:\Users\fali\developement\try - Copy - Copy\try\Debug\link.11844.read.1.tlog
C:\Users\fali\developement\try - Copy - Copy\try\Debug\link.11844.write.1.tlog
C:\Users\fali\developement\try - Copy - Copy\try\Debug\link.12004-cvtres.read.1.tlog
C:\Users\fali\developement\try - Copy - Copy\try\Debug\link.12004-cvtres.write.1.tlog
C:\Users\fali\developement\try - Copy - Copy\try\Debug\link.12004-rc.read.1.tlog
C:\Users\fali\developement\try - Copy - Copy\try\Debug\link.12004-rc.write.1.tlog
C:\Users\fali\developement\try - Copy - Copy\try\Debug\link.12004.read.1.tlog
C:\Users\fali\developement\try - Copy - Copy\try\Debug\link.12004.write.1.tlog
C:\Users\fali\developement\try - Copy - Copy\try\Debug\link.12016-cvtres.read.1.tlog
C:\Users\fali\developement\try - Copy - Copy\try\Debug\link.12016-cvtres.write.1.tlog
C:\Users\fali\developement\try - Copy - Copy\try\Debug\link.12016-rc.read.1.tlog
C:\Users\fali\developement\try - Copy - Copy\try\Debug\link.12016-rc.write.1.tlog
C:\Users\fali\developement\try - Copy - Copy\try\Debug\link.12016.read.1.tlog
C:\Users\fali\developement\try - Copy - Copy\try\Debug\link.12016.write.1.tlog
C:\Users\fali\developement\try - Copy - Copy\try\Debug\link.15952-cvtres.read.1.tlog
C:\Users\fali\developement\try - Copy - Copy\try\Debug\link.15952-cvtres.write.1.tlog
C:\Users\fali\developement\try - Copy - Copy\try\Debug\link.15952-rc.read.1.tlog
C:\Users\fali\developement\try - Copy - Copy\try\Debug\link.15952-rc.write.1.tlog
C:\Users\fali\developement\try - Copy - Copy\try\Debug\link.15952.read.1.tlog
C:\Users\fali\developement\try - Copy - Copy\try\Debug\link.15952.write.1.tlog
C:\Users\fali\developement\try - Copy - Copy\try\Debug\link.164480-cvtres.read.1.tlog
C:\Users\fali\developement\try - Copy - Copy\try\Debug\link.164480-cvtres.write.1.tlog
C:\Users\fali\developement\try - Copy - Copy\try\Debug\link.164480-rc.read.1.tlog
C:\Users\fali\developement\try - Copy - Copy\try\Debug\link.164480-rc.write.1.tlog
C:\Users\fali\developement\try - Copy - Copy\try\Debug\link.164480.read.1.tlog
C:\Users\fali\developement\try - Copy - Copy\try\Debug\link.164480.write.1.tlog
C:\Users\fali\developement\try - Copy - Copy\try\Debug\link.16864-cvtres.read.1.tlog
C:\Users\fali\developement\try - Copy - Copy\try\Debug\link.16864-cvtres.write.1.tlog
C:\Users\fali\developement\try - Copy - Copy\try\Debug\link.16864-rc.read.1.tlog
C:\Users\fali\developement\try - Copy - Copy\try\Debug\link.16864-rc.write.1.tlog
C:\Users\fali\developement\try - Copy - Copy\try\Debug\link.16864.read.1.tlog
C:\Users\fali\developement\try - Copy - Copy\try\Debug\link.16864.write.1.tlog
C:\Users\fali\developement\try - Copy - Copy\try\Debug\link.16884-cvtres.read.1.tlog
C:\Users\fali\developement\try - Copy - Copy\try\Debug\link.16884-cvtres.write.1.tlog
C:\Users\fali\developement\try - Copy - Copy\try\Debug\link.16884-rc.read.1.tlog
C:\Users\fali\developement\try - Copy - Copy\try\Debug\link.16884-rc.write.1.tlog
C:\Users\fali\developement\try - Copy - Copy\try\Debug\link.16884.read.1.tlog
C:\Users\fali\developement\try - Copy - Copy\try\Debug\link.16884.write.1.tlog
C:\Users\fali\developement\try - Copy - Copy\try\Debug\link.2528-cvtres.read.1.tlog
C:\Users\fali\developement\try - Copy - Copy\try\Debug\link.2528-cvtres.write.1.tlog
C:\Users\fali\developement\try - Copy - Copy\try\Debug\link.2528-rc.read.1.tlog
C:\Users\fali\developement\try - Copy - Copy\try\Debug\link.2528-rc.write.1.tlog
C:\Users\fali\developement\try - Copy - Copy\try\Debug\link.2528.read.1.tlog
C:\Users\fali\developement\try - Copy - Copy\try\Debug\link.2528.write.1.tlog
C:\Users\fali\developement\try - Copy - Copy\try\Debug\link.3472-cvtres.read.1.tlog
C:\Users\fali\developement\try - Copy - Copy\try\Debug\link.3472-cvtres.write.1.tlog
C:\Users\fali\developement\try - Copy - Copy\try\Debug\link.3472-rc.read.1.tlog
C:\Users\fali\developement\try - Copy - Copy\try\Debug\link.3472-rc.write.1.tlog
C:\Users\fali\developement\try - Copy - Copy\try\Debug\link.3472.read.1.tlog
C:\Users\fali\developement\try - Copy - Copy\try\Debug\link.3472.write.1.tlog
C:\Users\fali\developement\try - Copy - Copy\try\Debug\link.3656-cvtres.read.1.tlog
C:\Users\fali\developement\try - Copy - Copy\try\Debug\link.3656-cvtres.write.1.tlog
C:\Users\fali\developement\try - Copy - Copy\try\Debug\link.3656-rc.read.1.tlog
C:\Users\fali\developement\try - Copy - Copy\try\Debug\link.3656-rc.write.1.tlog
C:\Users\fali\developement\try - Copy - Copy\try\Debug\link.3656.read.1.tlog
C:\Users\fali\developement\try - Copy - Copy\try\Debug\link.3656.write.1.tlog
C:\Users\fali\developement\try - Copy - Copy\try\Debug\link.39660-cvtres.read.1.tlog
C:\Users\fali\developement\try - Copy - Copy\try\Debug\link.39660-cvtres.write.1.tlog
C:\Users\fali\developement\try - Copy - Copy\try\Debug\link.39660-rc.read.1.tlog
C:\Users\fali\developement\try - Copy - Copy\try\Debug\link.39660-rc.write.1.tlog
C:\Users\fali\developement\try - Copy - Copy\try\Debug\link.39660.read.1.tlog
C:\Users\fali\developement\try - Copy - Copy\try\Debug\link.39660.write.1.tlog
C:\Users\fali\developement\try - Copy - Copy\try\Debug\link.4316-cvtres.read.1.tlog
C:\Users\fali\developement\try - Copy - Copy\try\Debug\link.4316-cvtres.write.1.tlog
C:\Users\fali\developement\try - Copy - Copy\try\Debug\link.4316-rc.read.1.tlog
C:\Users\fali\developement\try - Copy - Copy\try\Debug\link.4316-rc.write.1.tlog
C:\Users\fali\developement\try - Copy - Copy\try\Debug\link.4316.read.1.tlog
C:\Users\fali\developement\try - Copy - Copy\try\Debug\link.4316.write.1.tlog
C:\Users\fali\developement\try - Copy - Copy\try\Debug\link.5444-cvtres.read.1.tlog
C:\Users\fali\developement\try - Copy - Copy\try\Debug\link.5444-cvtres.write.1.tlog
C:\Users\fali\developement\try - Copy - Copy\try\Debug\link.5444-rc.read.1.tlog
C:\Users\fali\developement\try - Copy - Copy\try\Debug\link.5444-rc.write.1.tlog
C:\Users\fali\developement\try - Copy - Copy\try\Debug\link.5444.read.1.tlog
C:\Users\fali\developement\try - Copy - Copy\try\Debug\link.5444.write.1.tlog
C:\Users\fali\developement\try - Copy - Copy\try\Debug\link.5600-cvtres.read.1.tlog
C:\Users\fali\developement\try - Copy - Copy\try\Debug\link.5600-cvtres.write.1.tlog
C:\Users\fali\developement\try - Copy - Copy\try\Debug\link.5600-rc.read.1.tlog
C:\Users\fali\developement\try - Copy - Copy\try\Debug\link.5600-rc.write.1.tlog
C:\Users\fali\developement\try - Copy - Copy\try\Debug\link.5600.read.1.tlog
C:\Users\fali\developement\try - Copy - Copy\try\Debug\link.5600.write.1.tlog
C:\Users\fali\developement\try - Copy - Copy\try\Debug\link.5648-cvtres.read.1.tlog
C:\Users\fali\developement\try - Copy - Copy\try\Debug\link.5648-cvtres.write.1.tlog
C:\Users\fali\developement\try - Copy - Copy\try\Debug\link.5648-rc.read.1.tlog
C:\Users\fali\developement\try - Copy - Copy\try\Debug\link.5648-rc.write.1.tlog
C:\Users\fali\developement\try - Copy - Copy\try\Debug\link.5648.read.1.tlog
C:\Users\fali\developement\try - Copy - Copy\try\Debug\link.5648.write.1.tlog
C:\Users\fali\developement\try - Copy - Copy\try\Debug\link.6408-cvtres.read.1.tlog
C:\Users\fali\developement\try - Copy - Copy\try\Debug\link.6408-cvtres.write.1.tlog
C:\Users\fali\developement\try - Copy - Copy\try\Debug\link.6408-rc.read.1.tlog
C:\Users\fali\developement\try - Copy - Copy\try\Debug\link.6408-rc.write.1.tlog
C:\Users\fali\developement\try - Copy - Copy\try\Debug\link.6408.read.1.tlog
C:\Users\fali\developement\try - Copy - Copy\try\Debug\link.6408.write.1.tlog
C:\Users\fali\developement\try - Copy - Copy\try\Debug\link.7180-cvtres.read.1.tlog
C:\Users\fali\developement\try - Copy - Copy\try\Debug\link.7180-cvtres.write.1.tlog
C:\Users\fali\developement\try - Copy - Copy\try\Debug\link.7180-rc.read.1.tlog
C:\Users\fali\developement\try - Copy - Copy\try\Debug\link.7180-rc.write.1.tlog
C:\Users\fali\developement\try - Copy - Copy\try\Debug\link.7180.read.1.tlog
C:\Users\fali\developement\try - Copy - Copy\try\Debug\link.7180.write.1.tlog
C:\Users\fali\developement\try - Copy - Copy\try\Debug\link.8008-cvtres.read.1.tlog
C:\Users\fali\developement\try - Copy - Copy\try\Debug\link.8008-cvtres.write.1.tlog
C:\Users\fali\developement\try - Copy - Copy\try\Debug\link.8008-rc.read.1.tlog
C:\Users\fali\developement\try - Copy - Copy\try\Debug\link.8008-rc.write.1.tlog
C:\Users\fali\developement\try - Copy - Copy\try\Debug\link.8008.read.1.tlog
C:\Users\fali\developement\try - Copy - Copy\try\Debug\link.8008.write.1.tlog
C:\Users\fali\developement\try - Copy - Copy\try\Debug\link.8388-cvtres.read.1.tlog
C:\Users\fali\developement\try - Copy - Copy\try\Debug\link.8388-cvtres.write.1.tlog
C:\Users\fali\developement\try - Copy - Copy\try\Debug\link.8388-rc.read.1.tlog
C:\Users\fali\developement\try - Copy - Copy\try\Debug\link.8388-rc.write.1.tlog
C:\Users\fali\developement\try - Copy - Copy\try\Debug\link.8388.read.1.tlog
C:\Users\fali\developement\try - Copy - Copy\try\Debug\link.8388.write.1.tlog
C:\Users\fali\developement\try - Copy - Copy\try\Debug\link.8456-cvtres.read.1.tlog
C:\Users\fali\developement\try - Copy - Copy\try\Debug\link.8456-cvtres.write.1.tlog
C:\Users\fali\developement\try - Copy - Copy\try\Debug\link.8456-rc.read.1.tlog
C:\Users\fali\developement\try - Copy - Copy\try\Debug\link.8456-rc.write.1.tlog
C:\Users\fali\developement\try - Copy - Copy\try\Debug\link.8456.read.1.tlog
C:\Users\fali\developement\try - Copy - Copy\try\Debug\link.8456.write.1.tlog
C:\Users\fali\developement\try - Copy - Copy\try\Debug\link.8676-cvtres.read.1.tlog
C:\Users\fali\developement\try - Copy - Copy\try\Debug\link.8676-cvtres.write.1.tlog
C:\Users\fali\developement\try - Copy - Copy\try\Debug\link.8676-rc.read.1.tlog
C:\Users\fali\developement\try - Copy - Copy\try\Debug\link.8676-rc.write.1.tlog
C:\Users\fali\developement\try - Copy - Copy\try\Debug\link.8676.read.1.tlog
C:\Users\fali\developement\try - Copy - Copy\try\Debug\link.8676.write.1.tlog
C:\Users\fali\developement\try - Copy - Copy\try\Debug\link.9052-cvtres.read.1.tlog
C:\Users\fali\developement\try - Copy - Copy\try\Debug\link.9052-cvtres.write.1.tlog
C:\Users\fali\developement\try - Copy - Copy\try\Debug\link.9052-rc.read.1.tlog
C:\Users\fali\developement\try - Copy - Copy\try\Debug\link.9052-rc.write.1.tlog
C:\Users\fali\developement\try - Copy - Copy\try\Debug\link.9052.read.1.tlog
C:\Users\fali\developement\try - Copy - Copy\try\Debug\link.9052.write.1.tlog
C:\Users\fali\developement\try - Copy - Copy\try\Debug\link.9080-cvtres.read.1.tlog
C:\Users\fali\developement\try - Copy - Copy\try\Debug\link.9080-cvtres.write.1.tlog
C:\Users\fali\developement\try - Copy - Copy\try\Debug\link.9080-rc.read.1.tlog
C:\Users\fali\developement\try - Copy - Copy\try\Debug\link.9080-rc.write.1.tlog
C:\Users\fali\developement\try - Copy - Copy\try\Debug\link.9080.read.1.tlog
C:\Users\fali\developement\try - Copy - Copy\try\Debug\link.9080.write.1.tlog
C:\Users\fali\developement\try - Copy - Copy\try\Debug\link.9316-cvtres.read.1.tlog
C:\Users\fali\developement\try - Copy - Copy\try\Debug\link.9316-cvtres.write.1.tlog
C:\Users\fali\developement\try - Copy - Copy\try\Debug\link.9316-rc.read.1.tlog
C:\Users\fali\developement\try - Copy - Copy\try\Debug\link.9316-rc.write.1.tlog
C:\Users\fali\developement\try - Copy - Copy\try\Debug\link.9316.read.1.tlog
C:\Users\fali\developement\try - Copy - Copy\try\Debug\link.9316.write.1.tlog
C:\Users\fali\developement\try - Copy - Copy\try\Debug\link.9392-cvtres.read.1.tlog
C:\Users\fali\developement\try - Copy - Copy\try\Debug\link.9392-cvtres.write.1.tlog
C:\Users\fali\developement\try - Copy - Copy\try\Debug\link.9392-rc.read.1.tlog
C:\Users\fali\developement\try - Copy - Copy\try\Debug\link.9392-rc.write.1.tlog
C:\Users\fali\developement\try - Copy - Copy\try\Debug\link.9392.read.1.tlog
C:\Users\fali\developement\try - Copy - Copy\try\Debug\link.9392.write.1.tlog
C:\Users\fali\developement\try - Copy - Copy\try\Debug\link.9424-cvtres.read.1.tlog
C:\Users\fali\developement\try - Copy - Copy\try\Debug\link.9424-cvtres.write.1.tlog
C:\Users\fali\developement\try - Copy - Copy\try\Debug\link.9424-rc.read.1.tlog
C:\Users\fali\developement\try - Copy - Copy\try\Debug\link.9424-rc.write.1.tlog
C:\Users\fali\developement\try - Copy - Copy\try\Debug\link.9424.read.1.tlog
C:\Users\fali\developement\try - Copy - Copy\try\Debug\link.9424.write.1.tlog
C:\Users\fali\developement\try - Copy - Copy\try\Debug\link.9560-cvtres.read.1.tlog
C:\Users\fali\developement\try - Copy - Copy\try\Debug\link.9560-cvtres.write.1.tlog
C:\Users\fali\developement\try - Copy - Copy\try\Debug\link.9560-rc.read.1.tlog
C:\Users\fali\developement\try - Copy - Copy\try\Debug\link.9560-rc.write.1.tlog
C:\Users\fali\developement\try - Copy - Copy\try\Debug\link.9560.read.1.tlog
C:\Users\fali\developement\try - Copy - Copy\try\Debug\link.9560.write.1.tlog
C:\Users\fali\developement\try - Copy - Copy\try\Debug\link.9596-cvtres.read.1.tlog
C:\Users\fali\developement\try - Copy - Copy\try\Debug\link.9596-cvtres.write.1.tlog
C:\Users\fali\developement\try - Copy - Copy\try\Debug\link.9596-rc.read.1.tlog
C:\Users\fali\developement\try - Copy - Copy\try\Debug\link.9596-rc.write.1.tlog
C:\Users\fali\developement\try - Copy - Copy\try\Debug\link.9596.read.1.tlog
C:\Users\fali\developement\try - Copy - Copy\try\Debug\link.9596.write.1.tlog
C:\Users\fali\developement\try - Copy - Copy\try\Debug\link.command.1.tlog
C:\Users\fali\developement\try - Copy - Copy\try\Debug\link.read.1.tlog
C:\Users\fali\developement\try - Copy - Copy\try\Debug\link.write.1.tlog
C:\Users\fali\developement\try - Copy - Copy\try\Debug\vc110.idb
C:\Users\fali\developement\try - Copy - Copy\try\Debug\vc110.pdb
C:\Users\fali\developement\try - Copy - Copy\Debug\try.pdb
