Build started 8/22/2015 2:43:21 AM.
     1>Project "G:\change\bak\try - Copy - Copy\try\try.vcxproj" on node 2 (Build target(s)).
     1>ClCompile:
         C:\Program Files (x86)\Microsoft Visual Studio 11.0\VC\bin\CL.exe /c /I"C:\Program Files (x86)\boost_1_58_0" /I"G:\change\bak\try - Copy - Copy\\ext\assimp" /I"G:\change\bak\try - Copy - Copy\\ext" /I"G:\change\bak\try - Copy - Copy\\ext\glew-1.10.0\include" /I"G:\change\bak\try - Copy - Copy\\ext\glfw-3.0.4.bin.WIN32\include\GLFW" /I"G:\change\bak\try - Copy - Copy\\ext\glm" /I"G:\change\bak\try - Copy - Copy\\ext\ImageMagick-6" /I"G:\change\bak\try - Copy - Copy\\" /I"G:\change\bak\try - Copy - Copy\\ext\soil\src" /I"G:\change\bak\try - Copy - Copy\\ext\eyeTribe\include" /ZI /nologo /W3 /WX- /Od /Oy- /D WIN32 /D _DEBUG /D _CONSOLE /D _UNICODE /D UNICODE /Gm /EHsc /RTC1 /MDd /GS /fp:precise /Zc:wchar_t /Zc:forScope /Fo"Debug\\" /Fd"Debug\vc110.pdb" /Gd /TP /analyze- /errorReport:prompt main.cpp
         main.cpp
     1>g:\change\bak\try - copy - copy\ext\imagemagick-6\magick++\drawable.h(456): warning C4251: 'Magick::DrawableBezier::_coordinates' : class 'std::list<_Ty>' needs to have dll-interface to be used by clients of class 'Magick::DrawableBezier'
                 with
                 [
                     _Ty=Magick::Coordinate
                 ]
     1>g:\change\bak\try - copy - copy\ext\imagemagick-6\magick++\drawable.h(498): warning C4251: 'Magick::DrawablePushClipPath::_id' : class 'std::basic_string<_Elem,_Traits,_Alloc>' needs to have dll-interface to be used by clients of class 'Magick::DrawablePushClipPath'
                 with
                 [
                     _Elem=char,
                     _Traits=std::char_traits<char>,
                     _Alloc=std::allocator<char>
                 ]
     1>g:\change\bak\try - copy - copy\ext\imagemagick-6\magick++\drawable.h(526): warning C4251: 'Magick::DrawableClipPath::_id' : class 'std::basic_string<_Elem,_Traits,_Alloc>' needs to have dll-interface to be used by clients of class 'Magick::DrawableClipPath'
                 with
                 [
                     _Elem=char,
                     _Traits=std::char_traits<char>,
                     _Alloc=std::allocator<char>
                 ]
     1>g:\change\bak\try - copy - copy\ext\imagemagick-6\magick++\drawable.h(959): warning C4251: 'Magick::DrawableFont::_font' : class 'std::basic_string<_Elem,_Traits,_Alloc>' needs to have dll-interface to be used by clients of class 'Magick::DrawableFont'
                 with
                 [
                     _Elem=char,
                     _Traits=std::char_traits<char>,
                     _Alloc=std::allocator<char>
                 ]
     1>g:\change\bak\try - copy - copy\ext\imagemagick-6\magick++\drawable.h(960): warning C4251: 'Magick::DrawableFont::_family' : class 'std::basic_string<_Elem,_Traits,_Alloc>' needs to have dll-interface to be used by clients of class 'Magick::DrawableFont'
                 with
                 [
                     _Elem=char,
                     _Traits=std::char_traits<char>,
                     _Alloc=std::allocator<char>
                 ]
     1>g:\change\bak\try - copy - copy\ext\imagemagick-6\magick++\drawable.h(1128): warning C4251: 'Magick::DrawablePath::_path' : class 'std::list<_Ty>' needs to have dll-interface to be used by clients of class 'Magick::DrawablePath'
                 with
                 [
                     _Ty=Magick::VPath
                 ]
     1>g:\change\bak\try - copy - copy\ext\imagemagick-6\magick++\drawable.h(1217): warning C4251: 'Magick::DrawablePolygon::_coordinates' : class 'std::list<_Ty>' needs to have dll-interface to be used by clients of class 'Magick::DrawablePolygon'
                 with
                 [
                     _Ty=Magick::Coordinate
                 ]
     1>g:\change\bak\try - copy - copy\ext\imagemagick-6\magick++\drawable.h(1237): warning C4251: 'Magick::DrawablePolyline::_coordinates' : class 'std::list<_Ty>' needs to have dll-interface to be used by clients of class 'Magick::DrawablePolyline'
                 with
                 [
                     _Ty=Magick::Coordinate
                 ]
     1>g:\change\bak\try - copy - copy\ext\imagemagick-6\magick++\drawable.h(1321): warning C4251: 'Magick::DrawablePushPattern::_id' : class 'std::basic_string<_Elem,_Traits,_Alloc>' needs to have dll-interface to be used by clients of class 'Magick::DrawablePushPattern'
                 with
                 [
                     _Elem=char,
                     _Traits=std::char_traits<char>,
                     _Alloc=std::allocator<char>
                 ]
     1>g:\change\bak\try - copy - copy\ext\imagemagick-6\magick++\drawable.h(1923): warning C4251: 'Magick::DrawableText::_text' : class 'std::basic_string<_Elem,_Traits,_Alloc>' needs to have dll-interface to be used by clients of class 'Magick::DrawableText'
                 with
                 [
                     _Elem=char,
                     _Traits=std::char_traits<char>,
                     _Alloc=std::allocator<char>
                 ]
     1>g:\change\bak\try - copy - copy\ext\imagemagick-6\magick++\drawable.h(1924): warning C4251: 'Magick::DrawableText::_encoding' : class 'std::basic_string<_Elem,_Traits,_Alloc>' needs to have dll-interface to be used by clients of class 'Magick::DrawableText'
                 with
                 [
                     _Elem=char,
                     _Traits=std::char_traits<char>,
                     _Alloc=std::allocator<char>
                 ]
     1>g:\change\bak\try - copy - copy\ext\imagemagick-6\magick++\drawable.h(2255): warning C4251: 'Magick::PathArcAbs::_coordinates' : class 'std::list<_Ty>' needs to have dll-interface to be used by clients of class 'Magick::PathArcAbs'
                 with
                 [
                     _Ty=Magick::PathArcArgs
                 ]
     1>g:\change\bak\try - copy - copy\ext\imagemagick-6\magick++\drawable.h(2277): warning C4251: 'Magick::PathArcRel::_coordinates' : class 'std::list<_Ty>' needs to have dll-interface to be used by clients of class 'Magick::PathArcRel'
                 with
                 [
                     _Ty=Magick::PathArcArgs
                 ]
     1>g:\change\bak\try - copy - copy\ext\imagemagick-6\magick++\drawable.h(2428): warning C4251: 'Magick::PathCurvetoAbs::_args' : class 'std::list<_Ty>' needs to have dll-interface to be used by clients of class 'Magick::PathCurvetoAbs'
                 with
                 [
                     _Ty=Magick::PathCurvetoArgs
                 ]
     1>g:\change\bak\try - copy - copy\ext\imagemagick-6\magick++\drawable.h(2451): warning C4251: 'Magick::PathCurvetoRel::_args' : class 'std::list<_Ty>' needs to have dll-interface to be used by clients of class 'Magick::PathCurvetoRel'
                 with
                 [
                     _Ty=Magick::PathCurvetoArgs
                 ]
     1>g:\change\bak\try - copy - copy\ext\imagemagick-6\magick++\drawable.h(2475): warning C4251: 'Magick::PathSmoothCurvetoAbs::_coordinates' : class 'std::list<_Ty>' needs to have dll-interface to be used by clients of class 'Magick::PathSmoothCurvetoAbs'
                 with
                 [
                     _Ty=Magick::Coordinate
                 ]
     1>g:\change\bak\try - copy - copy\ext\imagemagick-6\magick++\drawable.h(2500): warning C4251: 'Magick::PathSmoothCurvetoRel::_coordinates' : class 'std::list<_Ty>' needs to have dll-interface to be used by clients of class 'Magick::PathSmoothCurvetoRel'
                 with
                 [
                     _Ty=Magick::Coordinate
                 ]
     1>g:\change\bak\try - copy - copy\ext\imagemagick-6\magick++\drawable.h(2609): warning C4251: 'Magick::PathQuadraticCurvetoAbs::_args' : class 'std::list<_Ty>' needs to have dll-interface to be used by clients of class 'Magick::PathQuadraticCurvetoAbs'
                 with
                 [
                     _Ty=Magick::PathQuadraticCurvetoArgs
                 ]
     1>g:\change\bak\try - copy - copy\ext\imagemagick-6\magick++\drawable.h(2633): warning C4251: 'Magick::PathQuadraticCurvetoRel::_args' : class 'std::list<_Ty>' needs to have dll-interface to be used by clients of class 'Magick::PathQuadraticCurvetoRel'
                 with
                 [
                     _Ty=Magick::PathQuadraticCurvetoArgs
                 ]
     1>g:\change\bak\try - copy - copy\ext\imagemagick-6\magick++\drawable.h(2657): warning C4251: 'Magick::PathSmoothQuadraticCurvetoAbs::_coordinates' : class 'std::list<_Ty>' needs to have dll-interface to be used by clients of class 'Magick::PathSmoothQuadraticCurvetoAbs'
                 with
                 [
                     _Ty=Magick::Coordinate
                 ]
     1>g:\change\bak\try - copy - copy\ext\imagemagick-6\magick++\drawable.h(2681): warning C4251: 'Magick::PathSmoothQuadraticCurvetoRel::_coordinates' : class 'std::list<_Ty>' needs to have dll-interface to be used by clients of class 'Magick::PathSmoothQuadraticCurvetoRel'
                 with
                 [
                     _Ty=Magick::Coordinate
                 ]
     1>g:\change\bak\try - copy - copy\ext\imagemagick-6\magick++\drawable.h(2709): warning C4251: 'Magick::PathLinetoAbs::_coordinates' : class 'std::list<_Ty>' needs to have dll-interface to be used by clients of class 'Magick::PathLinetoAbs'
                 with
                 [
                     _Ty=Magick::Coordinate
                 ]
     1>g:\change\bak\try - copy - copy\ext\imagemagick-6\magick++\drawable.h(2733): warning C4251: 'Magick::PathLinetoRel::_coordinates' : class 'std::list<_Ty>' needs to have dll-interface to be used by clients of class 'Magick::PathLinetoRel'
                 with
                 [
                     _Ty=Magick::Coordinate
                 ]
     1>g:\change\bak\try - copy - copy\ext\imagemagick-6\magick++\drawable.h(2875): warning C4251: 'Magick::PathMovetoAbs::_coordinates' : class 'std::list<_Ty>' needs to have dll-interface to be used by clients of class 'Magick::PathMovetoAbs'
                 with
                 [
                     _Ty=Magick::Coordinate
                 ]
     1>g:\change\bak\try - copy - copy\ext\imagemagick-6\magick++\drawable.h(2899): warning C4251: 'Magick::PathMovetoRel::_coordinates' : class 'std::list<_Ty>' needs to have dll-interface to be used by clients of class 'Magick::PathMovetoRel'
                 with
                 [
                     _Ty=Magick::Coordinate
                 ]
     1>g:\change\bak\try - copy - copy\ext\imagemagick-6\magick++\exception.h(31): warning C4251: 'Magick::Exception::_what' : class 'std::basic_string<_Elem,_Traits,_Alloc>' needs to have dll-interface to be used by clients of class 'Magick::Exception'
                 with
                 [
                     _Elem=char,
                     _Traits=std::char_traits<char>,
                     _Alloc=std::allocator<char>
                 ]
     1>g:\change\bak\try - copy - copy\ext\imagemagick-6\magick++\coderinfo.h(65): warning C4251: 'Magick::CoderInfo::_name' : class 'std::basic_string<_Elem,_Traits,_Alloc>' needs to have dll-interface to be used by clients of class 'Magick::CoderInfo'
                 with
                 [
                     _Elem=char,
                     _Traits=std::char_traits<char>,
                     _Alloc=std::allocator<char>
                 ]
     1>g:\change\bak\try - copy - copy\ext\imagemagick-6\magick++\coderinfo.h(66): warning C4251: 'Magick::CoderInfo::_description' : class 'std::basic_string<_Elem,_Traits,_Alloc>' needs to have dll-interface to be used by clients of class 'Magick::CoderInfo'
                 with
                 [
                     _Elem=char,
                     _Traits=std::char_traits<char>,
                     _Alloc=std::allocator<char>
                 ]
     1>g:\change\bak\try - copy - copy\ext\imagemagick-6\magick++\montage.h(90): warning C4251: 'Magick::Montage::_fileName' : class 'std::basic_string<_Elem,_Traits,_Alloc>' needs to have dll-interface to be used by clients of class 'Magick::Montage'
                 with
                 [
                     _Elem=char,
                     _Traits=std::char_traits<char>,
                     _Alloc=std::allocator<char>
                 ]
     1>g:\change\bak\try - copy - copy\ext\imagemagick-6\magick++\montage.h(92): warning C4251: 'Magick::Montage::_font' : class 'std::basic_string<_Elem,_Traits,_Alloc>' needs to have dll-interface to be used by clients of class 'Magick::Montage'
                 with
                 [
                     _Elem=char,
                     _Traits=std::char_traits<char>,
                     _Alloc=std::allocator<char>
                 ]
     1>g:\change\bak\try - copy - copy\ext\imagemagick-6\magick++\montage.h(95): warning C4251: 'Magick::Montage::_label' : class 'std::basic_string<_Elem,_Traits,_Alloc>' needs to have dll-interface to be used by clients of class 'Magick::Montage'
                 with
                 [
                     _Elem=char,
                     _Traits=std::char_traits<char>,
                     _Alloc=std::allocator<char>
                 ]
     1>g:\change\bak\try - copy - copy\ext\imagemagick-6\magick++\montage.h(99): warning C4251: 'Magick::Montage::_texture' : class 'std::basic_string<_Elem,_Traits,_Alloc>' needs to have dll-interface to be used by clients of class 'Magick::Montage'
                 with
                 [
                     _Elem=char,
                     _Traits=std::char_traits<char>,
                     _Alloc=std::allocator<char>
                 ]
     1>g:\change\bak\try - copy - copy\ext\imagemagick-6\magick++\montage.h(101): warning C4251: 'Magick::Montage::_title' : class 'std::basic_string<_Elem,_Traits,_Alloc>' needs to have dll-interface to be used by clients of class 'Magick::Montage'
                 with
                 [
                     _Elem=char,
                     _Traits=std::char_traits<char>,
                     _Alloc=std::allocator<char>
                 ]
     1>g:\change\bak\try - copy - copy\ext\imagemagick-6\magick++\stl.h(134): warning C4251: 'Magick::annotateImage::_text' : class 'std::basic_string<_Elem,_Traits,_Alloc>' needs to have dll-interface to be used by clients of class 'Magick::annotateImage'
                 with
                 [
                     _Elem=char,
                     _Traits=std::char_traits<char>,
                     _Alloc=std::allocator<char>
                 ]
     1>g:\change\bak\try - copy - copy\ext\imagemagick-6\magick++\stl.h(213): warning C4251: 'Magick::cdlImage::_cdl' : class 'std::basic_string<_Elem,_Traits,_Alloc>' needs to have dll-interface to be used by clients of class 'Magick::cdlImage'
                 with
                 [
                     _Elem=char,
                     _Traits=std::char_traits<char>,
                     _Alloc=std::allocator<char>
                 ]
     1>g:\change\bak\try - copy - copy\ext\imagemagick-6\magick++\stl.h(273): warning C4251: 'Magick::commentImage::_comment' : class 'std::basic_string<_Elem,_Traits,_Alloc>' needs to have dll-interface to be used by clients of class 'Magick::commentImage'
                 with
                 [
                     _Elem=char,
                     _Traits=std::char_traits<char>,
                     _Alloc=std::allocator<char>
                 ]
     1>g:\change\bak\try - copy - copy\ext\imagemagick-6\magick++\stl.h(385): warning C4251: 'Magick::drawImage::_drawableList' : class 'std::list<_Ty>' needs to have dll-interface to be used by clients of class 'Magick::drawImage'
                 with
                 [
                     _Ty=Magick::Drawable
                 ]
     1>g:\change\bak\try - copy - copy\ext\imagemagick-6\magick++\stl.h(651): warning C4251: 'Magick::labelImage::_label' : class 'std::basic_string<_Elem,_Traits,_Alloc>' needs to have dll-interface to be used by clients of class 'Magick::labelImage'
                 with
                 [
                     _Elem=char,
                     _Traits=std::char_traits<char>,
                     _Alloc=std::allocator<char>
                 ]
     1>g:\change\bak\try - copy - copy\ext\imagemagick-6\magick++\stl.h(1299): warning C4251: 'Magick::backgroundTextureImage::_backgroundTexture' : class 'std::basic_string<_Elem,_Traits,_Alloc>' needs to have dll-interface to be used by clients of class 'Magick::backgroundTextureImage'
                 with
                 [
                     _Elem=char,
                     _Traits=std::char_traits<char>,
                     _Alloc=std::allocator<char>
                 ]
     1>g:\change\bak\try - copy - copy\ext\imagemagick-6\magick++\stl.h(1474): warning C4251: 'Magick::fileNameImage::_fileName' : class 'std::basic_string<_Elem,_Traits,_Alloc>' needs to have dll-interface to be used by clients of class 'Magick::fileNameImage'
                 with
                 [
                     _Elem=char,
                     _Traits=std::char_traits<char>,
                     _Alloc=std::allocator<char>
                 ]
     1>g:\change\bak\try - copy - copy\ext\imagemagick-6\magick++\stl.h(1498): warning C4251: 'Magick::fontImage::_font' : class 'std::basic_string<_Elem,_Traits,_Alloc>' needs to have dll-interface to be used by clients of class 'Magick::fontImage'
                 with
                 [
                     _Elem=char,
                     _Traits=std::char_traits<char>,
                     _Alloc=std::allocator<char>
                 ]
     1>g:\change\bak\try - copy - copy\ext\imagemagick-6\magick++\stl.h(1558): warning C4251: 'Magick::magickImage::_magick' : class 'std::basic_string<_Elem,_Traits,_Alloc>' needs to have dll-interface to be used by clients of class 'Magick::magickImage'
                 with
                 [
                     _Elem=char,
                     _Traits=std::char_traits<char>,
                     _Alloc=std::allocator<char>
                 ]
     1>g:\change\bak\try - copy - copy\ext\imagemagick-6\magick++\stl.h(1817): warning C4251: 'Magick::tileNameImage::_tileName' : class 'std::basic_string<_Elem,_Traits,_Alloc>' needs to have dll-interface to be used by clients of class 'Magick::tileNameImage'
                 with
                 [
                     _Elem=char,
                     _Traits=std::char_traits<char>,
                     _Alloc=std::allocator<char>
                 ]
     1>g:\change\bak\try - copy - copy\ext\imagemagick-6\magick++\stl.h(1854): warning C4251: 'Magick::viewImage::_view' : class 'std::basic_string<_Elem,_Traits,_Alloc>' needs to have dll-interface to be used by clients of class 'Magick::viewImage'
                 with
                 [
                     _Elem=char,
                     _Traits=std::char_traits<char>,
                     _Alloc=std::allocator<char>
                 ]
     1>g:\change\bak\try - copy - copy\ext\imagemagick-6\magick++\stl.h(1867): warning C4251: 'Magick::x11DisplayImage::_display' : class 'std::basic_string<_Elem,_Traits,_Alloc>' needs to have dll-interface to be used by clients of class 'Magick::x11DisplayImage'
                 with
                 [
                     _Elem=char,
                     _Traits=std::char_traits<char>,
                     _Alloc=std::allocator<char>
                 ]
     1>g:\change\bak\try - copy - copy\try\particlesystem.h(12): warning C4005: 'M_PI' : macro redefinition
                 c:\program files (x86)\microsoft visual studio 11.0\vc\include\math.h(631) : see previous definition of 'M_PI'
     1>g:\change\bak\try - copy - copy\try\main.cpp(166): warning C4305: '-=' : truncation from 'double' to 'float'
     1>g:\change\bak\try - copy - copy\try\main.cpp(174): warning C4305: '+=' : truncation from 'double' to 'float'
     1>g:\change\bak\try - copy - copy\try\main.cpp(423): warning C4305: '-=' : truncation from 'double' to 'float'
     1>g:\change\bak\try - copy - copy\try\main.cpp(429): warning C4305: '+=' : truncation from 'double' to 'float'
     1>g:\change\bak\try - copy - copy\try\main.cpp(553): warning C4244: '=' : conversion from 'double' to 'float', possible loss of data
         GLM: rotate function taking degrees as a parameter is deprecated. #define GLM_FORCE_RADIANS before including GLM headers to remove this message.
       Link:
         C:\Program Files (x86)\Microsoft Visual Studio 11.0\VC\bin\link.exe /ERRORREPORT:PROMPT /OUT:"G:\change\bak\try - Copy - Copy\Debug\try.exe" /INCREMENTAL /NOLOGO /LIBPATH:C:\boost\boost_1_58_0\stage\lib /LIBPATH:"C:\Program Files (x86)\boost_1_58_0\stage\lib" /LIBPATH:"G:\change\bak\try - Copy - Copy\\lib" opengl32.lib glfw3.lib glew32.lib assimp.lib SOIL.lib CORE_DB_Magick++_.lib GazeApiLibD.lib kernel32.lib user32.lib gdi32.lib winspool.lib comdlg32.lib advapi32.lib shell32.lib ole32.lib oleaut32.lib uuid.lib odbc32.lib odbccp32.lib /MANIFEST /MANIFESTUAC:"level='asInvoker' uiAccess='false'" /manifest:embed /DEBUG /PDB:"G:\change\bak\try - Copy - Copy\Debug\try.pdb" /SUBSYSTEM:CONSOLE /TLBID:1 /DYNAMICBASE /NXCOMPAT /IMPLIB:"G:\change\bak\try - Copy - Copy\Debug\try.lib" /MACHINE:X86 Debug\main.obj
         Debug\math_3d.obj
         Debug\MeshLoader.obj
         Debug\MyGaze.obj
         Debug\ogldev_util.obj
         Debug\oldCamera.obj
         Debug\ParticleSystem.obj
         Debug\shader.obj
         Debug\TextureMesh.obj
         try.vcxproj -> G:\change\bak\try - Copy - Copy\Debug\try.exe
     1>Done Building Project "G:\change\bak\try - Copy - Copy\try\try.vcxproj" (Build target(s)).

Build succeeded.

Time Elapsed 00:00:03.11
